=== FIXING MPI ENVIRONMENT ===
Cleaning stuck MPI processes...
No ompi processes found
No orted processes found
Cleaning conflicting environment variables...
Resetting modules...
Verifying MPI installation...
/software/u24/nvhpc/24.7/Linux_x86_64/24.7/comm_libs/mpi/bin/mpirun
mpirun (Open MPI) 4.1.7a1
Testing MPI execution with hostname...
worker-1-of-9
worker-1-of-9
worker-1-of-9
worker-1-of-9
worker-1-of-9
worker-1-of-9
worker-1-of-9
worker-1-of-9
worker-1-of-9
worker-1-of-9
worker-1-of-9
worker-1-of-9
worker-1-of-9
worker-1-of-9
worker-1-of-9
worker-1-of-9
worker-1-of-9
worker-1-of-9
worker-1-of-9
worker-1-of-9
worker-1-of-9
worker-1-of-9
worker-1-of-9
worker-1-of-9
worker-1-of-9
worker-1-of-9
worker-1-of-9
worker-1-of-9
worker-1-of-9
worker-1-of-9
worker-1-of-9
worker-1-of-9
worker-1-of-9
worker-1-of-9
worker-1-of-9
worker-1-of-9
worker-1-of-9
worker-1-of-9
worker-1-of-9
worker-1-of-9
worker-1-of-9
worker-1-of-9
worker-1-of-9
worker-1-of-9
worker-1-of-9
worker-1-of-9
worker-1-of-9
worker-8-of-9
worker-1-of-9
worker-1-of-9
worker-1-of-9
worker-1-of-9
worker-1-of-9
worker-1-of-9
worker-1-of-9
worker-1-of-9
worker-1-of-9
worker-1-of-9
worker-1-of-9
worker-1-of-9
worker-1-of-9
worker-1-of-9
worker-1-of-9
worker-3-of-9
worker-2-of-9
worker-8-of-9
worker-4-of-9
worker-1-of-9
worker-3-of-9
worker-2-of-9
worker-8-of-9
worker-4-of-9
worker-3-of-9
worker-2-of-9
worker-8-of-9
worker-3-of-9
worker-8-of-9
worker-3-of-9
worker-8-of-9
worker-3-of-9
worker-8-of-9
worker-3-of-9
worker-8-of-9
worker-3-of-9
worker-8-of-9
worker-3-of-9
worker-8-of-9
worker-3-of-9
worker-8-of-9
worker-3-of-9
worker-8-of-9
worker-3-of-9
worker-8-of-9
worker-3-of-9
worker-8-of-9
worker-3-of-9
worker-8-of-9
worker-3-of-9
worker-8-of-9
worker-3-of-9
worker-8-of-9
worker-3-of-9
worker-8-of-9
worker-3-of-9
worker-3-of-9
worker-3-of-9
worker-3-of-9
worker-3-of-9
worker-3-of-9
worker-3-of-9
worker-3-of-9
worker-3-of-9
worker-3-of-9
worker-3-of-9
worker-3-of-9
worker-3-of-9
worker-3-of-9
worker-3-of-9
worker-3-of-9
worker-3-of-9
worker-3-of-9
worker-3-of-9
worker-3-of-9
worker-3-of-9
worker-3-of-9
worker-3-of-9
worker-3-of-9
worker-3-of-9
worker-3-of-9
worker-3-of-9
worker-3-of-9
worker-3-of-9
worker-3-of-9
worker-3-of-9
worker-3-of-9
worker-3-of-9
worker-3-of-9
worker-3-of-9
worker-3-of-9
worker-3-of-9
worker-3-of-9
worker-3-of-9
worker-3-of-9
worker-3-of-9
worker-3-of-9
worker-3-of-9
worker-3-of-9
worker-3-of-9
worker-3-of-9
worker-3-of-9
worker-1-of-9
worker-2-of-9
worker-4-of-9
worker-5-of-9
worker-6-of-9
worker-7-of-9
worker-9-of-9
worker-2-of-9
worker-4-of-9
worker-5-of-9
worker-6-of-9
worker-7-of-9
worker-9-of-9
worker-2-of-9
worker-4-of-9
worker-5-of-9
worker-6-of-9
worker-7-of-9
worker-9-of-9
worker-2-of-9
worker-4-of-9
worker-5-of-9
worker-6-of-9
worker-7-of-9
worker-9-of-9
worker-2-of-9
worker-4-of-9
worker-5-of-9
worker-7-of-9
worker-9-of-9
worker-2-of-9
worker-4-of-9
worker-5-of-9
worker-7-of-9
worker-9-of-9
worker-2-of-9
worker-4-of-9
worker-5-of-9
worker-7-of-9
worker-9-of-9
worker-2-of-9
worker-4-of-9
worker-5-of-9
worker-7-of-9
worker-9-of-9
worker-2-of-9
worker-4-of-9
worker-5-of-9
worker-7-of-9
worker-9-of-9
worker-2-of-9
worker-4-of-9
worker-5-of-9
worker-7-of-9
worker-9-of-9
worker-2-of-9
worker-4-of-9
worker-5-of-9
worker-7-of-9
worker-9-of-9
worker-2-of-9
worker-4-of-9
worker-5-of-9
worker-7-of-9
worker-9-of-9
worker-2-of-9
worker-4-of-9
worker-5-of-9
worker-7-of-9
worker-9-of-9
worker-2-of-9
worker-4-of-9
worker-5-of-9
worker-7-of-9
worker-9-of-9
worker-2-of-9
worker-4-of-9
worker-5-of-9
worker-7-of-9
worker-9-of-9
worker-2-of-9
worker-4-of-9
worker-5-of-9
worker-7-of-9
worker-9-of-9
worker-2-of-9
worker-4-of-9
worker-5-of-9
worker-7-of-9
worker-9-of-9
worker-2-of-9
worker-4-of-9
worker-5-of-9
worker-7-of-9
worker-9-of-9
worker-2-of-9
worker-4-of-9
worker-5-of-9
worker-7-of-9
worker-9-of-9
worker-2-of-9
worker-4-of-9
worker-5-of-9
worker-7-of-9
worker-9-of-9
worker-2-of-9
worker-4-of-9
worker-5-of-9
worker-7-of-9
worker-9-of-9
worker-2-of-9
worker-4-of-9
worker-5-of-9
worker-7-of-9
worker-9-of-9
worker-2-of-9
worker-4-of-9
worker-5-of-9
worker-7-of-9
worker-9-of-9
worker-2-of-9
worker-4-of-9
worker-5-of-9
worker-7-of-9
worker-9-of-9
worker-2-of-9
worker-4-of-9
worker-5-of-9
worker-7-of-9
worker-9-of-9
worker-2-of-9
worker-4-of-9
worker-5-of-9
worker-7-of-9
worker-9-of-9
worker-2-of-9
worker-4-of-9
worker-5-of-9
worker-7-of-9
worker-9-of-9
worker-2-of-9
worker-4-of-9
worker-5-of-9
worker-7-of-9
worker-9-of-9
worker-2-of-9
worker-4-of-9
worker-5-of-9
worker-7-of-9
worker-9-of-9
worker-2-of-9
worker-4-of-9
worker-5-of-9
worker-7-of-9
worker-9-of-9
worker-2-of-9
worker-4-of-9
worker-5-of-9
worker-7-of-9
worker-9-of-9
worker-2-of-9
worker-4-of-9
worker-5-of-9
worker-7-of-9
worker-9-of-9
worker-6-of-9
worker-2-of-9
worker-4-of-9
worker-5-of-9
worker-7-of-9
worker-9-of-9
worker-2-of-9
worker-4-of-9
worker-5-of-9
worker-7-of-9
worker-9-of-9
worker-2-of-9
worker-4-of-9
worker-5-of-9
worker-7-of-9
worker-9-of-9
worker-2-of-9
worker-4-of-9
worker-5-of-9
worker-7-of-9
worker-9-of-9
worker-2-of-9
worker-4-of-9
worker-5-of-9
worker-7-of-9
worker-9-of-9
worker-2-of-9
worker-4-of-9
worker-5-of-9
worker-7-of-9
worker-9-of-9
worker-2-of-9
worker-4-of-9
worker-5-of-9
worker-7-of-9
worker-9-of-9
worker-2-of-9
worker-4-of-9
worker-5-of-9
worker-7-of-9
worker-9-of-9
worker-2-of-9
worker-4-of-9
worker-5-of-9
worker-7-of-9
worker-9-of-9
worker-2-of-9
worker-4-of-9
worker-5-of-9
worker-7-of-9
worker-9-of-9
worker-2-of-9
worker-4-of-9
worker-5-of-9
worker-7-of-9
worker-9-of-9
worker-2-of-9
worker-4-of-9
worker-5-of-9
worker-7-of-9
worker-9-of-9
worker-2-of-9
worker-4-of-9
worker-5-of-9
worker-7-of-9
worker-9-of-9
worker-2-of-9
worker-4-of-9
worker-5-of-9
worker-7-of-9
worker-9-of-9
worker-2-of-9
worker-4-of-9
worker-5-of-9
worker-7-of-9
worker-9-of-9
worker-2-of-9
worker-4-of-9
worker-5-of-9
worker-7-of-9
worker-9-of-9
worker-2-of-9
worker-4-of-9
worker-5-of-9
worker-7-of-9
worker-9-of-9
worker-2-of-9
worker-4-of-9
worker-5-of-9
worker-7-of-9
worker-9-of-9
worker-2-of-9
worker-4-of-9
worker-5-of-9
worker-7-of-9
worker-9-of-9
worker-2-of-9
worker-4-of-9
worker-5-of-9
worker-7-of-9
worker-9-of-9
worker-2-of-9
worker-4-of-9
worker-5-of-9
worker-7-of-9
worker-9-of-9
worker-2-of-9
worker-4-of-9
worker-5-of-9
worker-7-of-9
worker-9-of-9
worker-2-of-9
worker-4-of-9
worker-5-of-9
worker-7-of-9
worker-9-of-9
worker-2-of-9
worker-4-of-9
worker-5-of-9
worker-7-of-9
worker-9-of-9
worker-2-of-9
worker-4-of-9
worker-5-of-9
worker-7-of-9
worker-9-of-9
worker-2-of-9
worker-4-of-9
worker-5-of-9
worker-7-of-9
worker-9-of-9
worker-2-of-9
worker-4-of-9
worker-5-of-9
worker-7-of-9
worker-9-of-9
worker-4-of-9
worker-5-of-9
worker-7-of-9
worker-9-of-9
worker-2-of-9
worker-5-of-9
worker-7-of-9
worker-9-of-9
worker-2-of-9
worker-4-of-9
worker-5-of-9
worker-9-of-9
worker-4-of-9
worker-5-of-9
worker-6-of-9
worker-6-of-9
worker-6-of-9
worker-6-of-9
worker-6-of-9
worker-6-of-9
worker-6-of-9
worker-6-of-9
worker-6-of-9
worker-6-of-9
worker-6-of-9
worker-6-of-9
worker-6-of-9
worker-6-of-9
worker-6-of-9
worker-6-of-9
worker-6-of-9
worker-6-of-9
worker-6-of-9
worker-6-of-9
worker-6-of-9
worker-6-of-9
worker-6-of-9
worker-6-of-9
worker-6-of-9
worker-6-of-9
worker-6-of-9
worker-6-of-9
worker-6-of-9
worker-6-of-9
worker-6-of-9
worker-6-of-9
worker-6-of-9
worker-6-of-9
worker-6-of-9
worker-6-of-9
worker-6-of-9
worker-6-of-9
worker-6-of-9
worker-6-of-9
worker-6-of-9
worker-6-of-9
worker-6-of-9
worker-6-of-9
worker-6-of-9
worker-6-of-9
worker-6-of-9
worker-6-of-9
worker-6-of-9
worker-6-of-9
worker-6-of-9
worker-6-of-9
worker-6-of-9
worker-6-of-9
worker-6-of-9
worker-6-of-9
worker-6-of-9
worker-6-of-9
worker-8-of-9
worker-8-of-9
worker-8-of-9
worker-8-of-9
worker-8-of-9
worker-8-of-9
worker-8-of-9
worker-8-of-9
worker-8-of-9
worker-8-of-9
worker-8-of-9
worker-8-of-9
worker-8-of-9
worker-8-of-9
worker-8-of-9
worker-8-of-9
worker-8-of-9
worker-8-of-9
worker-8-of-9
worker-8-of-9
worker-8-of-9
worker-8-of-9
worker-8-of-9
worker-8-of-9
worker-8-of-9
worker-8-of-9
worker-8-of-9
worker-8-of-9
worker-8-of-9
worker-8-of-9
worker-8-of-9
worker-8-of-9
worker-8-of-9
worker-8-of-9
worker-8-of-9
worker-8-of-9
worker-8-of-9
worker-8-of-9
worker-8-of-9
worker-8-of-9
worker-8-of-9
worker-8-of-9
worker-8-of-9
worker-8-of-9
worker-8-of-9
worker-8-of-9
worker-9-of-9
worker-9-of-9
worker-5-of-9
worker-7-of-9
worker-7-of-9
worker-7-of-9
worker-6-of-9
=== MPI ENVIRONMENT FIXED ===
If you see hostnames above, mpirun is working!
