srun: error: NodeNames=worker-[1-9]-of-9 MemSpecLimit=0 is invalid, reset to 0
srun: warning: can't run 1 processes on 9 nodes, setting nnodes to 1
srun: error: NodeNames=worker-[1-9]-of-9 MemSpecLimit=0 is invalid, reset to 0
[worker-4-of-9][[15549,0],192][btl_tcp_endpoint.c:667:mca_btl_tcp_endpoint_recv_connect_ack] received unexpected process identifier: got [[15549,0],202] expected [[15549,0],128]
[worker-9-of-9][[15549,0],512][btl_tcp_endpoint.c:667:mca_btl_tcp_endpoint_recv_connect_ack] received unexpected process identifier: got [[15549,0],536] expected [[15549,0],0]
[worker-8-of-9][[15549,0],448][btl_tcp_endpoint.c:667:mca_btl_tcp_endpoint_recv_connect_ack] received unexpected process identifier: got [[15549,0],490] expected [[15549,0],384]
[worker-6-of-9][[15549,0],320][btl_tcp_endpoint.c:667:mca_btl_tcp_endpoint_recv_connect_ack] received unexpected process identifier: got [[15549,0],346] expected [[15549,0],256]
[worker-2-of-9][[15549,0],64][btl_tcp_endpoint.c:667:mca_btl_tcp_endpoint_recv_connect_ack] received unexpected process identifier: got [[15549,0],79] expected [[15549,0],0]
slurmstepd-worker-1-of-9: error: *** STEP 45.1 ON worker-1-of-9 CANCELLED AT 2025-11-04T00:36:26 ***
srun: Job step aborted: Waiting up to 32 seconds for job step to finish.
srun: error: worker-9-of-9: tasks 512,536: Exited with exit code 14
srun: error: worker-9-of-9: tasks 513-535,537-575: Killed
srun: error: worker-4-of-9: tasks 192,202: Exited with exit code 14
srun: error: worker-4-of-9: tasks 193-201,203-255: Killed
srun: error: worker-6-of-9: tasks 320,346: Exited with exit code 14
srun: error: worker-6-of-9: tasks 321-345,347-383: Killed
srun: error: worker-2-of-9: tasks 64,79: Exited with exit code 14
srun: error: worker-2-of-9: tasks 65-78,80-127: Killed
srun: error: worker-8-of-9: tasks 448,490: Exited with exit code 14
srun: error: worker-5-of-9: tasks 256-319: Killed
srun: error: worker-7-of-9: tasks 384-447: Killed
srun: error: worker-8-of-9: tasks 449-489,491-511: Killed
srun: error: worker-1-of-9: tasks 0-63: Killed
srun: error: worker-3-of-9: tasks 128-191: Killed
