Lmod has detected the following error: The following module(s) are unknown:
"mpi"

Please check the spelling or version number. Also try "module spider ..."
It is also possible your cache file is out-of-date; it may help to try:
  $ module --ignore_cache load "mpi"

Also make sure that all modulefiles written in TCL start with the string
#%Module



Lmod has detected the following error: The following module(s) are unknown:
"blas"

Please check the spelling or version number. Also try "module spider ..."
It is also possible your cache file is out-of-date; it may help to try:
  $ module --ignore_cache load "blas"

Also make sure that all modulefiles written in TCL start with the string
#%Module



srun: error: NodeNames=worker-[1-9]-of-9 MemSpecLimit=0 is invalid, reset to 0
srun: warning: can't run 1 processes on 9 nodes, setting nnodes to 1
/var/spool/slurmd/job00041/slurm_script: line 24: /spack/share/spack/setup-env.sh: No such file or directory
/var/spool/slurmd/job00041/slurm_script: line 25: spack: command not found
srun: error: NodeNames=worker-[1-9]-of-9 MemSpecLimit=0 is invalid, reset to 0
slurmstepd-worker-4-of-9: error: execve(): xhpl: No such file or directory
slurmstepd-worker-4-of-9: error: execve(): xhpl: No such file or directory
slurmstepd-worker-4-of-9: error: execve(): xhpl: No such file or directory
slurmstepd-worker-4-of-9: error: execve(): xhpl: No such file or directory
slurmstepd-worker-4-of-9: error: execve(): xhpl: No such file or directory
slurmstepd-worker-4-of-9: error: execve(): xhpl: No such file or directory
slurmstepd-worker-4-of-9: error: execve(): xhpl: No such file or directory
slurmstepd-worker-4-of-9: error: execve(): xhpl: No such file or directory
slurmstepd-worker-4-of-9: error: execve(): xhpl: No such file or directory
slurmstepd-worker-4-of-9: error: execve(): xhpl: No such file or directory
slurmstepd-worker-4-of-9: error: execve(): xhpl: No such file or directory
slurmstepd-worker-4-of-9: error: execve(): xhpl: No such file or directory
slurmstepd-worker-4-of-9: error: execve(): xhpl: No such file or directory
slurmstepd-worker-4-of-9: error: execve(): xhpl: No such file or directory
slurmstepd-worker-4-of-9: error: execve(): xhpl: No such file or directory
slurmstepd-worker-4-of-9: error: execve(): xhpl: No such file or directory
slurmstepd-worker-3-of-9: error: execve(): xhpl: No such file or directory
slurmstepd-worker-4-of-9: error: execve(): xhpl: No such file or directory
slurmstepd-worker-4-of-9: error: execve(): xhpl: No such file or directory
slurmstepd-worker-4-of-9: error: execve(): xhpl: No such file or directory
slurmstepd-worker-4-of-9: error: execve(): xhpl: No such file or directory
slurmstepd-worker-4-of-9: error: execve(): xhpl: No such file or directory
slurmstepd-worker-4-of-9: error: execve(): xhpl: No such file or directory
slurmstepd-worker-4-of-9: error: execve(): xhpl: No such file or directory
slurmstepd-worker-4-of-9: error: execve(): xhpl: No such file or directory
slurmstepd-worker-4-of-9: error: execve(): xhpl: No such file or directory
slurmstepd-worker-4-of-9: error: execve(): xhpl: No such file or directory
slurmstepd-worker-4-of-9: error: execve(): xhpl: No such file or directory
slurmstepd-worker-4-of-9: error: execve(): xhpl: No such file or directory
slurmstepd-worker-4-of-9: error: execve(): xhpl: No such file or directory
slurmstepd-worker-4-of-9: error: execve(): xhpl: No such file or directory
slurmstepd-worker-4-of-9: error: execve(): xhpl: No such file or directory
slurmstepd-worker-4-of-9: error: execve(): xhpl: No such file or directory
slurmstepd-worker-4-of-9: error: execve(): xhpl: No such file or directory
slurmstepd-worker-4-of-9: error: execve(): xhpl: No such file or directory
slurmstepd-worker-3-of-9: error: execve(): xhpl: No such file or directory
slurmstepd-worker-4-of-9: error: execve(): xhpl: No such file or directory
slurmstepd-worker-4-of-9: error: execve(): xhpl: No such file or directory
slurmstepd-worker-4-of-9: error: execve(): xhpl: No such file or directory
slurmstepd-worker-4-of-9: error: execve(): xhpl: No such file or directory
slurmstepd-worker-4-of-9: error: execve(): xhpl: No such file or directory
slurmstepd-worker-4-of-9: error: execve(): xhpl: No such file or directory
slurmstepd-worker-3-of-9: error: execve(): xhpl: No such file or directory
slurmstepd-worker-4-of-9: error: execve(): xhpl: No such file or directory
slurmstepd-worker-3-of-9: error: execve(): xhpl: No such file or directory
slurmstepd-worker-4-of-9: error: execve(): xhpl: No such file or directory
slurmstepd-worker-3-of-9: error: execve(): xhpl: No such file or directory
slurmstepd-worker-4-of-9: error: execve(): xhpl: No such file or directory
slurmstepd-worker-3-of-9: error: execve(): xhpl: No such file or directory
slurmstepd-worker-4-of-9: error: execve(): xhpl: No such file or directory
slurmstepd-worker-3-of-9: error: execve(): xhpl: No such file or directory
slurmstepd-worker-4-of-9: error: execve(): xhpl: No such file or directory
slurmstepd-worker-3-of-9: error: execve(): xhpl: No such file or directory
slurmstepd-worker-4-of-9: error: execve(): xhpl: No such file or directory
slurmstepd-worker-3-of-9: error: execve(): xhpl: No such file or directory
slurmstepd-worker-4-of-9: error: execve(): xhpl: No such file or directory
slurmstepd-worker-3-of-9: error: execve(): xhpl: No such file or directory
slurmstepd-worker-4-of-9: error: execve(): xhpl: No such file or directory
slurmstepd-worker-3-of-9: error: execve(): xhpl: No such file or directory
slurmstepd-worker-3-of-9: error: execve(): xhpl: No such file or directory
slurmstepd-worker-4-of-9: error: execve(): xhpl: No such file or directory
slurmstepd-worker-3-of-9: error: execve(): xhpl: No such file or directory
slurmstepd-worker-4-of-9: error: execve(): xhpl: No such file or directory
slurmstepd-worker-3-of-9: error: execve(): xhpl: No such file or directory
slurmstepd-worker-4-of-9: error: execve(): xhpl: No such file or directory
slurmstepd-worker-3-of-9: error: execve(): xhpl: No such file or directory
slurmstepd-worker-4-of-9: error: execve(): xhpl: No such file or directory
slurmstepd-worker-3-of-9: error: execve(): xhpl: No such file or directory
slurmstepd-worker-3-of-9: error: execve(): xhpl: No such file or directory
slurmstepd-worker-3-of-9: error: execve(): xhpl: No such file or directory
slurmstepd-worker-3-of-9: error: execve(): xhpl: No such file or directory
slurmstepd-worker-3-of-9: error: execve(): xhpl: No such file or directory
slurmstepd-worker-3-of-9: error: execve(): xhpl: No such file or directory
slurmstepd-worker-3-of-9: error: execve(): xhpl: No such file or directory
slurmstepd-worker-3-of-9: error: execve(): xhpl: No such file or directory
slurmstepd-worker-3-of-9: error: execve(): xhpl: No such file or directory
slurmstepd-worker-3-of-9: error: execve(): xhpl: No such file or directory
slurmstepd-worker-3-of-9: error: execve(): xhpl: No such file or directory
slurmstepd-worker-3-of-9: error: execve(): xhpl: No such file or directory
slurmstepd-worker-3-of-9: error: execve(): xhpl: No such file or directory
slurmstepd-worker-3-of-9: error: execve(): xhpl: No such file or directory
slurmstepd-worker-3-of-9: error: execve(): xhpl: No such file or directory
slurmstepd-worker-3-of-9: error: execve(): xhpl: No such file or directory
slurmstepd-worker-3-of-9: error: execve(): xhpl: No such file or directory
slurmstepd-worker-3-of-9: error: execve(): xhpl: No such file or directory
slurmstepd-worker-3-of-9: error: execve(): xhpl: No such file or directory
slurmstepd-worker-3-of-9: error: execve(): xhpl: No such file or directory
slurmstepd-worker-3-of-9: error: execve(): xhpl: No such file or directory
slurmstepd-worker-3-of-9: error: execve(): xhpl: No such file or directory
slurmstepd-worker-3-of-9: error: execve(): xhpl: No such file or directory
slurmstepd-worker-3-of-9: error: execve(): xhpl: No such file or directory
slurmstepd-worker-3-of-9: error: execve(): xhpl: No such file or directory
slurmstepd-worker-3-of-9: error: execve(): xhpl: No such file or directory
slurmstepd-worker-3-of-9: error: execve(): xhpl: No such file or directory
slurmstepd-worker-3-of-9: error: execve(): xhpl: No such file or directory
slurmstepd-worker-3-of-9: error: execve(): xhpl: No such file or directory
slurmstepd-worker-3-of-9: error: execve(): xhpl: No such file or directory
slurmstepd-worker-3-of-9: error: execve(): xhpl: No such file or directory
slurmstepd-worker-3-of-9: error: execve(): xhpl: No such file or directory
slurmstepd-worker-3-of-9: error: execve(): xhpl: No such file or directory
slurmstepd-worker-3-of-9: error: execve(): xhpl: No such file or directory
slurmstepd-worker-3-of-9: error: execve(): xhpl: No such file or directory
slurmstepd-worker-3-of-9: error: execve(): xhpl: No such file or directory
slurmstepd-worker-3-of-9: error: execve(): xhpl: No such file or directory
slurmstepd-worker-3-of-9: error: execve(): xhpl: No such file or directory
slurmstepd-worker-3-of-9: error: execve(): xhpl: No such file or directory
slurmstepd-worker-3-of-9: error: execve(): xhpl: No such file or directory
slurmstepd-worker-3-of-9: error: execve(): xhpl: No such file or directory
slurmstepd-worker-3-of-9: error: execve(): xhpl: No such file or directory
slurmstepd-worker-3-of-9: error: execve(): xhpl: No such file or directory
slurmstepd-worker-3-of-9: error: execve(): xhpl: No such file or directory
slurmstepd-worker-3-of-9: error: execve(): xhpl: No such file or directory
slurmstepd-worker-3-of-9: error: execve(): xhpl: No such file or directory
slurmstepd-worker-3-of-9: error: execve(): xhpl: No such file or directory
slurmstepd-worker-3-of-9: error: execve(): xhpl: No such file or directory
slurmstepd-worker-3-of-9: error: execve(): xhpl: No such file or directory
slurmstepd-worker-4-of-9: error: execve(): xhpl: No such file or directory
slurmstepd-worker-4-of-9: error: execve(): xhpl: No such file or directory
slurmstepd-worker-4-of-9: error: execve(): xhpl: No such file or directory
slurmstepd-worker-4-of-9: error: execve(): xhpl: No such file or directory
slurmstepd-worker-4-of-9: error: execve(): xhpl: No such file or directory
slurmstepd-worker-4-of-9: error: execve(): xhpl: No such file or directory
slurmstepd-worker-4-of-9: error: execve(): xhpl: No such file or directory
slurmstepd-worker-4-of-9: error: execve(): xhpl: No such file or directory
slurmstepd-worker-4-of-9: error: execve(): xhpl: No such file or directory
slurmstepd-worker-4-of-9: error: execve(): xhpl: No such file or directory
slurmstepd-worker-4-of-9: error: execve(): xhpl: No such file or directory
slurmstepd-worker-4-of-9: error: execve(): xhpl: No such file or directory
slurmstepd-worker-9-of-9: error: execve(): xhpl: No such file or directory
slurmstepd-worker-9-of-9: error: execve(): xhpl: No such file or directory
slurmstepd-worker-9-of-9: error: execve(): xhpl: No such file or directory
slurmstepd-worker-9-of-9: error: execve(): xhpl: No such file or directory
slurmstepd-worker-9-of-9: error: execve(): xhpl: No such file or directory
slurmstepd-worker-9-of-9: error: execve(): xhpl: No such file or directory
slurmstepd-worker-9-of-9: error: execve(): xhpl: No such file or directory
slurmstepd-worker-9-of-9: error: execve(): xhpl: No such file or directory
slurmstepd-worker-9-of-9: error: execve(): xhpl: No such file or directory
slurmstepd-worker-9-of-9: error: execve(): xhpl: No such file or directory
slurmstepd-worker-9-of-9: error: execve(): xhpl: No such file or directory
slurmstepd-worker-9-of-9: error: execve(): xhpl: No such file or directory
slurmstepd-worker-9-of-9: error: execve(): xhpl: No such file or directory
slurmstepd-worker-9-of-9: error: execve(): xhpl: No such file or directory
slurmstepd-worker-9-of-9: error: execve(): xhpl: No such file or directory
slurmstepd-worker-9-of-9: error: execve(): xhpl: No such file or directory
slurmstepd-worker-9-of-9: error: execve(): xhpl: No such file or directory
slurmstepd-worker-9-of-9: error: execve(): xhpl: No such file or directory
slurmstepd-worker-9-of-9: error: execve(): xhpl: No such file or directory
slurmstepd-worker-9-of-9: error: execve(): xhpl: No such file or directory
slurmstepd-worker-9-of-9: error: execve(): xhpl: No such file or directory
slurmstepd-worker-9-of-9: error: execve(): xhpl: No such file or directory
slurmstepd-worker-9-of-9: error: execve(): xhpl: No such file or directory
slurmstepd-worker-9-of-9: error: execve(): xhpl: No such file or directory
slurmstepd-worker-9-of-9: error: execve(): xhpl: No such file or directory
slurmstepd-worker-9-of-9: error: execve(): xhpl: No such file or directory
slurmstepd-worker-9-of-9: error: execve(): xhpl: No such file or directory
slurmstepd-worker-9-of-9: error: execve(): xhpl: No such file or directory
slurmstepd-worker-9-of-9: error: execve(): xhpl: No such file or directory
slurmstepd-worker-9-of-9: error: execve(): xhpl: No such file or directory
slurmstepd-worker-9-of-9: error: execve(): xhpl: No such file or directory
slurmstepd-worker-9-of-9: error: execve(): xhpl: No such file or directory
slurmstepd-worker-9-of-9: error: execve(): xhpl: No such file or directory
slurmstepd-worker-9-of-9: error: execve(): xhpl: No such file or directory
slurmstepd-worker-9-of-9: error: execve(): xhpl: No such file or directory
slurmstepd-worker-9-of-9: error: execve(): xhpl: No such file or directory
slurmstepd-worker-9-of-9: error: execve(): xhpl: No such file or directory
slurmstepd-worker-9-of-9: error: execve(): xhpl: No such file or directory
slurmstepd-worker-9-of-9: error: execve(): xhpl: No such file or directory
slurmstepd-worker-9-of-9: error: execve(): xhpl: No such file or directory
slurmstepd-worker-9-of-9: error: execve(): xhpl: No such file or directory
slurmstepd-worker-9-of-9: error: execve(): xhpl: No such file or directory
slurmstepd-worker-9-of-9: error: execve(): xhpl: No such file or directory
slurmstepd-worker-9-of-9: error: execve(): xhpl: No such file or directory
slurmstepd-worker-9-of-9: error: execve(): xhpl: No such file or directory
slurmstepd-worker-9-of-9: error: execve(): xhpl: No such file or directory
slurmstepd-worker-9-of-9: error: execve(): xhpl: No such file or directory
slurmstepd-worker-9-of-9: error: execve(): xhpl: No such file or directory
slurmstepd-worker-9-of-9: error: execve(): xhpl: No such file or directory
slurmstepd-worker-9-of-9: error: execve(): xhpl: No such file or directory
slurmstepd-worker-9-of-9: error: execve(): xhpl: No such file or directory
slurmstepd-worker-7-of-9: error: execve(): xhpl: No such file or directory
slurmstepd-worker-7-of-9: error: execve(): xhpl: No such file or directory
slurmstepd-worker-7-of-9: error: execve(): xhpl: No such file or directory
slurmstepd-worker-7-of-9: error: execve(): xhpl: No such file or directory
slurmstepd-worker-7-of-9: error: execve(): xhpl: No such file or directory
slurmstepd-worker-7-of-9: error: execve(): xhpl: No such file or directory
slurmstepd-worker-7-of-9: error: execve(): xhpl: No such file or directory
slurmstepd-worker-7-of-9: error: execve(): xhpl: No such file or directory
slurmstepd-worker-7-of-9: error: execve(): xhpl: No such file or directory
slurmstepd-worker-7-of-9: error: execve(): xhpl: No such file or directory
slurmstepd-worker-7-of-9: error: execve(): xhpl: No such file or directory
slurmstepd-worker-7-of-9: error: execve(): xhpl: No such file or directory
slurmstepd-worker-7-of-9: error: execve(): xhpl: No such file or directory
slurmstepd-worker-7-of-9: error: execve(): xhpl: No such file or directory
slurmstepd-worker-7-of-9: error: execve(): xhpl: No such file or directory
slurmstepd-worker-7-of-9: error: execve(): xhpl: No such file or directory
slurmstepd-worker-7-of-9: error: execve(): xhpl: No such file or directory
slurmstepd-worker-7-of-9: error: execve(): xhpl: No such file or directory
slurmstepd-worker-7-of-9: error: execve(): xhpl: No such file or directory
slurmstepd-worker-7-of-9: error: execve(): xhpl: No such file or directory
slurmstepd-worker-7-of-9: error: execve(): xhpl: No such file or directory
slurmstepd-worker-7-of-9: error: execve(): xhpl: No such file or directory
slurmstepd-worker-7-of-9: error: execve(): xhpl: No such file or directory
slurmstepd-worker-7-of-9: error: execve(): xhpl: No such file or directory
slurmstepd-worker-7-of-9: error: execve(): xhpl: No such file or directory
slurmstepd-worker-7-of-9: error: execve(): xhpl: No such file or directory
slurmstepd-worker-9-of-9: error: execve(): xhpl: No such file or directory
slurmstepd-worker-9-of-9: error: execve(): xhpl: No such file or directory
slurmstepd-worker-9-of-9: error: execve(): xhpl: No such file or directory
slurmstepd-worker-9-of-9: error: execve(): xhpl: No such file or directory
slurmstepd-worker-9-of-9: error: execve(): xhpl: No such file or directory
slurmstepd-worker-9-of-9: error: execve(): xhpl: No such file or directory
slurmstepd-worker-9-of-9: error: execve(): xhpl: No such file or directory
slurmstepd-worker-9-of-9: error: execve(): xhpl: No such file or directory
slurmstepd-worker-9-of-9: error: execve(): xhpl: No such file or directory
slurmstepd-worker-9-of-9: error: execve(): xhpl: No such file or directory
slurmstepd-worker-9-of-9: error: execve(): xhpl: No such file or directory
slurmstepd-worker-9-of-9: error: execve(): xhpl: No such file or directory
slurmstepd-worker-9-of-9: error: execve(): xhpl: No such file or directory
slurmstepd-worker-7-of-9: error: execve(): xhpl: No such file or directory
slurmstepd-worker-7-of-9: error: execve(): xhpl: No such file or directory
slurmstepd-worker-7-of-9: error: execve(): xhpl: No such file or directory
slurmstepd-worker-7-of-9: error: execve(): xhpl: No such file or directory
slurmstepd-worker-7-of-9: error: execve(): xhpl: No such file or directory
slurmstepd-worker-7-of-9: error: execve(): xhpl: No such file or directory
slurmstepd-worker-7-of-9: error: execve(): xhpl: No such file or directory
slurmstepd-worker-7-of-9: error: execve(): xhpl: No such file or directory
slurmstepd-worker-7-of-9: error: execve(): xhpl: No such file or directory
slurmstepd-worker-7-of-9: error: execve(): xhpl: No such file or directory
slurmstepd-worker-7-of-9: error: execve(): xhpl: No such file or directory
slurmstepd-worker-7-of-9: error: execve(): xhpl: No such file or directory
slurmstepd-worker-7-of-9: error: execve(): xhpl: No such file or directory
slurmstepd-worker-7-of-9: error: execve(): xhpl: No such file or directory
slurmstepd-worker-7-of-9: error: execve(): xhpl: No such file or directory
slurmstepd-worker-7-of-9: error: execve(): xhpl: No such file or directory
slurmstepd-worker-7-of-9: error: execve(): xhpl: No such file or directory
slurmstepd-worker-7-of-9: error: execve(): xhpl: No such file or directory
slurmstepd-worker-7-of-9: error: execve(): xhpl: No such file or directory
slurmstepd-worker-7-of-9: error: execve(): xhpl: No such file or directory
slurmstepd-worker-7-of-9: error: execve(): xhpl: No such file or directory
slurmstepd-worker-7-of-9: error: execve(): xhpl: No such file or directory
slurmstepd-worker-7-of-9: error: execve(): xhpl: No such file or directory
slurmstepd-worker-7-of-9: error: execve(): xhpl: No such file or directory
slurmstepd-worker-7-of-9: error: execve(): xhpl: No such file or directory
slurmstepd-worker-7-of-9: error: execve(): xhpl: No such file or directory
slurmstepd-worker-7-of-9: error: execve(): xhpl: No such file or directory
slurmstepd-worker-7-of-9: error: execve(): xhpl: No such file or directory
slurmstepd-worker-7-of-9: error: execve(): xhpl: No such file or directory
slurmstepd-worker-7-of-9: error: execve(): xhpl: No such file or directory
slurmstepd-worker-7-of-9: error: execve(): xhpl: No such file or directory
slurmstepd-worker-7-of-9: error: execve(): xhpl: No such file or directory
slurmstepd-worker-7-of-9: error: execve(): xhpl: No such file or directory
slurmstepd-worker-7-of-9: error: execve(): xhpl: No such file or directory
slurmstepd-worker-7-of-9: error: execve(): xhpl: No such file or directory
slurmstepd-worker-7-of-9: error: execve(): xhpl: No such file or directory
slurmstepd-worker-7-of-9: error: execve(): xhpl: No such file or directory
slurmstepd-worker-7-of-9: error: execve(): xhpl: No such file or directory
slurmstepd-worker-8-of-9: error: execve(): xhpl: No such file or directory
slurmstepd-worker-1-of-9: error: execve(): xhpl: No such file or directory
slurmstepd-worker-5-of-9: error: execve(): xhpl: No such file or directory
slurmstepd-worker-2-of-9: error: execve(): xhpl: No such file or directory
slurmstepd-worker-6-of-9: error: execve(): xhpl: No such file or directory
slurmstepd-worker-8-of-9: error: execve(): xhpl: No such file or directory
slurmstepd-worker-8-of-9: error: execve(): xhpl: No such file or directory
slurmstepd-worker-8-of-9: error: execve(): xhpl: No such file or directory
slurmstepd-worker-8-of-9: error: execve(): xhpl: No such file or directory
slurmstepd-worker-8-of-9: error: execve(): xhpl: No such file or directory
slurmstepd-worker-8-of-9: error: execve(): xhpl: No such file or directory
slurmstepd-worker-8-of-9: error: execve(): xhpl: No such file or directory
slurmstepd-worker-8-of-9: error: execve(): xhpl: No such file or directory
slurmstepd-worker-8-of-9: error: execve(): xhpl: No such file or directory
slurmstepd-worker-8-of-9: error: execve(): xhpl: No such file or directory
slurmstepd-worker-8-of-9: error: execve(): xhpl: No such file or directory
slurmstepd-worker-8-of-9: error: execve(): xhpl: No such file or directory
slurmstepd-worker-8-of-9: error: execve(): xhpl: No such file or directory
slurmstepd-worker-8-of-9: error: execve(): xhpl: No such file or directory
slurmstepd-worker-8-of-9: error: execve(): xhpl: No such file or directory
slurmstepd-worker-8-of-9: error: execve(): xhpl: No such file or directory
slurmstepd-worker-8-of-9: error: execve(): xhpl: No such file or directory
slurmstepd-worker-8-of-9: error: execve(): xhpl: No such file or directory
slurmstepd-worker-8-of-9: error: execve(): xhpl: No such file or directory
slurmstepd-worker-8-of-9: error: execve(): xhpl: No such file or directory
slurmstepd-worker-8-of-9: error: execve(): xhpl: No such file or directory
slurmstepd-worker-8-of-9: error: execve(): xhpl: No such file or directory
slurmstepd-worker-8-of-9: error: execve(): xhpl: No such file or directory
slurmstepd-worker-8-of-9: error: execve(): xhpl: No such file or directory
slurmstepd-worker-8-of-9: error: execve(): xhpl: No such file or directory
slurmstepd-worker-8-of-9: error: execve(): xhpl: No such file or directory
slurmstepd-worker-8-of-9: error: execve(): xhpl: No such file or directory
slurmstepd-worker-8-of-9: error: execve(): xhpl: No such file or directory
slurmstepd-worker-8-of-9: error: execve(): xhpl: No such file or directory
slurmstepd-worker-8-of-9: error: execve(): xhpl: No such file or directory
slurmstepd-worker-8-of-9: error: execve(): xhpl: No such file or directory
slurmstepd-worker-8-of-9: error: execve(): xhpl: No such file or directory
slurmstepd-worker-8-of-9: error: execve(): xhpl: No such file or directory
slurmstepd-worker-8-of-9: error: execve(): xhpl: No such file or directory
slurmstepd-worker-8-of-9: error: execve(): xhpl: No such file or directory
slurmstepd-worker-8-of-9: error: execve(): xhpl: No such file or directory
slurmstepd-worker-8-of-9: error: execve(): xhpl: No such file or directory
slurmstepd-worker-8-of-9: error: execve(): xhpl: No such file or directory
slurmstepd-worker-8-of-9: error: execve(): xhpl: No such file or directory
slurmstepd-worker-8-of-9: error: execve(): xhpl: No such file or directory
slurmstepd-worker-8-of-9: error: execve(): xhpl: No such file or directory
slurmstepd-worker-8-of-9: error: execve(): xhpl: No such file or directory
slurmstepd-worker-8-of-9: error: execve(): xhpl: No such file or directory
slurmstepd-worker-8-of-9: error: execve(): xhpl: No such file or directory
slurmstepd-worker-8-of-9: error: execve(): xhpl: No such file or directory
slurmstepd-worker-8-of-9: error: execve(): xhpl: No such file or directory
slurmstepd-worker-8-of-9: error: execve(): xhpl: No such file or directory
slurmstepd-worker-8-of-9: error: execve(): xhpl: No such file or directory
slurmstepd-worker-8-of-9: error: execve(): xhpl: No such file or directory
slurmstepd-worker-8-of-9: error: execve(): xhpl: No such file or directory
slurmstepd-worker-8-of-9: error: execve(): xhpl: No such file or directory
slurmstepd-worker-8-of-9: error: execve(): xhpl: No such file or directory
slurmstepd-worker-8-of-9: error: execve(): xhpl: No such file or directory
slurmstepd-worker-8-of-9: error: execve(): xhpl: No such file or directory
slurmstepd-worker-8-of-9: error: execve(): xhpl: No such file or directory
slurmstepd-worker-8-of-9: error: execve(): xhpl: No such file or directory
slurmstepd-worker-8-of-9: error: execve(): xhpl: No such file or directory
slurmstepd-worker-8-of-9: error: execve(): xhpl: No such file or directory
slurmstepd-worker-8-of-9: error: execve(): xhpl: No such file or directory
slurmstepd-worker-8-of-9: error: execve(): xhpl: No such file or directory
slurmstepd-worker-8-of-9: error: execve(): xhpl: No such file or directory
slurmstepd-worker-8-of-9: error: execve(): xhpl: No such file or directory
slurmstepd-worker-8-of-9: error: execve(): xhpl: No such file or directory
slurmstepd-worker-5-of-9: error: execve(): xhpl: No such file or directory
slurmstepd-worker-5-of-9: error: execve(): xhpl: No such file or directory
slurmstepd-worker-5-of-9: error: execve(): xhpl: No such file or directory
slurmstepd-worker-5-of-9: error: execve(): xhpl: No such file or directory
slurmstepd-worker-5-of-9: error: execve(): xhpl: No such file or directory
slurmstepd-worker-5-of-9: error: execve(): xhpl: No such file or directory
slurmstepd-worker-5-of-9: error: execve(): xhpl: No such file or directory
slurmstepd-worker-5-of-9: error: execve(): xhpl: No such file or directory
slurmstepd-worker-5-of-9: error: execve(): xhpl: No such file or directory
slurmstepd-worker-5-of-9: error: execve(): xhpl: No such file or directory
slurmstepd-worker-5-of-9: error: execve(): xhpl: No such file or directory
slurmstepd-worker-5-of-9: error: execve(): xhpl: No such file or directory
slurmstepd-worker-5-of-9: error: execve(): xhpl: No such file or directory
slurmstepd-worker-5-of-9: error: execve(): xhpl: No such file or directory
slurmstepd-worker-5-of-9: error: execve(): xhpl: No such file or directory
slurmstepd-worker-5-of-9: error: execve(): xhpl: No such file or directory
slurmstepd-worker-5-of-9: error: execve(): xhpl: No such file or directory
slurmstepd-worker-5-of-9: error: execve(): xhpl: No such file or directory
slurmstepd-worker-5-of-9: error: execve(): xhpl: No such file or directory
slurmstepd-worker-5-of-9: error: execve(): xhpl: No such file or directory
slurmstepd-worker-5-of-9: error: execve(): xhpl: No such file or directory
slurmstepd-worker-5-of-9: error: execve(): xhpl: No such file or directory
slurmstepd-worker-5-of-9: error: execve(): xhpl: No such file or directory
slurmstepd-worker-5-of-9: error: execve(): xhpl: No such file or directory
slurmstepd-worker-5-of-9: error: execve(): xhpl: No such file or directory
slurmstepd-worker-5-of-9: error: execve(): xhpl: No such file or directory
slurmstepd-worker-5-of-9: error: execve(): xhpl: No such file or directory
slurmstepd-worker-5-of-9: error: execve(): xhpl: No such file or directory
slurmstepd-worker-5-of-9: error: execve(): xhpl: No such file or directory
slurmstepd-worker-5-of-9: error: execve(): xhpl: No such file or directory
slurmstepd-worker-5-of-9: error: execve(): xhpl: No such file or directory
slurmstepd-worker-5-of-9: error: execve(): xhpl: No such file or directory
slurmstepd-worker-5-of-9: error: execve(): xhpl: No such file or directory
slurmstepd-worker-5-of-9: error: execve(): xhpl: No such file or directory
slurmstepd-worker-5-of-9: error: execve(): xhpl: No such file or directory
slurmstepd-worker-5-of-9: error: execve(): xhpl: No such file or directory
slurmstepd-worker-5-of-9: error: execve(): xhpl: No such file or directory
slurmstepd-worker-5-of-9: error: execve(): xhpl: No such file or directory
slurmstepd-worker-5-of-9: error: execve(): xhpl: No such file or directory
slurmstepd-worker-5-of-9: error: execve(): xhpl: No such file or directory
slurmstepd-worker-5-of-9: error: execve(): xhpl: No such file or directory
slurmstepd-worker-5-of-9: error: execve(): xhpl: No such file or directory
slurmstepd-worker-5-of-9: error: execve(): xhpl: No such file or directory
slurmstepd-worker-5-of-9: error: execve(): xhpl: No such file or directory
slurmstepd-worker-5-of-9: error: execve(): xhpl: No such file or directory
slurmstepd-worker-5-of-9: error: execve(): xhpl: No such file or directory
slurmstepd-worker-5-of-9: error: execve(): xhpl: No such file or directory
slurmstepd-worker-5-of-9: error: execve(): xhpl: No such file or directory
slurmstepd-worker-1-of-9: error: execve(): xhpl: No such file or directory
slurmstepd-worker-5-of-9: error: execve(): xhpl: No such file or directory
slurmstepd-worker-1-of-9: error: execve(): xhpl: No such file or directory
slurmstepd-worker-5-of-9: error: execve(): xhpl: No such file or directory
slurmstepd-worker-1-of-9: error: execve(): xhpl: No such file or directory
slurmstepd-worker-5-of-9: error: execve(): xhpl: No such file or directory
slurmstepd-worker-1-of-9: error: execve(): xhpl: No such file or directory
slurmstepd-worker-5-of-9: error: execve(): xhpl: No such file or directory
slurmstepd-worker-1-of-9: error: execve(): xhpl: No such file or directory
slurmstepd-worker-5-of-9: error: execve(): xhpl: No such file or directory
slurmstepd-worker-1-of-9: error: execve(): xhpl: No such file or directory
slurmstepd-worker-5-of-9: error: execve(): xhpl: No such file or directory
slurmstepd-worker-1-of-9: error: execve(): xhpl: No such file or directory
slurmstepd-worker-5-of-9: error: execve(): xhpl: No such file or directory
slurmstepd-worker-1-of-9: error: execve(): xhpl: No such file or directory
slurmstepd-worker-5-of-9: error: execve(): xhpl: No such file or directory
slurmstepd-worker-1-of-9: error: execve(): xhpl: No such file or directory
slurmstepd-worker-5-of-9: error: execve(): xhpl: No such file or directory
slurmstepd-worker-1-of-9: error: execve(): xhpl: No such file or directory
slurmstepd-worker-5-of-9: error: execve(): xhpl: No such file or directory
slurmstepd-worker-1-of-9: error: execve(): xhpl: No such file or directory
slurmstepd-worker-5-of-9: error: execve(): xhpl: No such file or directory
slurmstepd-worker-1-of-9: error: execve(): xhpl: No such file or directory
slurmstepd-worker-5-of-9: error: execve(): xhpl: No such file or directory
slurmstepd-worker-1-of-9: error: execve(): xhpl: No such file or directory
slurmstepd-worker-5-of-9: error: execve(): xhpl: No such file or directory
slurmstepd-worker-1-of-9: error: execve(): xhpl: No such file or directory
slurmstepd-worker-5-of-9: error: execve(): xhpl: No such file or directory
slurmstepd-worker-1-of-9: error: execve(): xhpl: No such file or directory
slurmstepd-worker-5-of-9: error: execve(): xhpl: No such file or directory
slurmstepd-worker-1-of-9: error: execve(): xhpl: No such file or directory
slurmstepd-worker-1-of-9: error: execve(): xhpl: No such file or directory
slurmstepd-worker-1-of-9: error: execve(): xhpl: No such file or directory
slurmstepd-worker-1-of-9: error: execve(): xhpl: No such file or directory
slurmstepd-worker-1-of-9: error: execve(): xhpl: No such file or directory
slurmstepd-worker-1-of-9: error: execve(): xhpl: No such file or directory
slurmstepd-worker-1-of-9: error: execve(): xhpl: No such file or directory
slurmstepd-worker-1-of-9: error: execve(): xhpl: No such file or directory
slurmstepd-worker-1-of-9: error: execve(): xhpl: No such file or directory
slurmstepd-worker-1-of-9: error: execve(): xhpl: No such file or directory
slurmstepd-worker-1-of-9: error: execve(): xhpl: No such file or directory
slurmstepd-worker-1-of-9: error: execve(): xhpl: No such file or directory
slurmstepd-worker-1-of-9: error: execve(): xhpl: No such file or directory
slurmstepd-worker-1-of-9: error: execve(): xhpl: No such file or directory
slurmstepd-worker-1-of-9: error: execve(): xhpl: No such file or directory
slurmstepd-worker-1-of-9: error: execve(): xhpl: No such file or directory
slurmstepd-worker-1-of-9: error: execve(): xhpl: No such file or directory
slurmstepd-worker-1-of-9: error: execve(): xhpl: No such file or directory
slurmstepd-worker-1-of-9: error: execve(): xhpl: No such file or directory
slurmstepd-worker-1-of-9: error: execve(): xhpl: No such file or directory
slurmstepd-worker-1-of-9: error: execve(): xhpl: No such file or directory
slurmstepd-worker-1-of-9: error: execve(): xhpl: No such file or directory
slurmstepd-worker-1-of-9: error: execve(): xhpl: No such file or directory
slurmstepd-worker-1-of-9: error: execve(): xhpl: No such file or directory
slurmstepd-worker-1-of-9: error: execve(): xhpl: No such file or directory
slurmstepd-worker-1-of-9: error: execve(): xhpl: No such file or directory
slurmstepd-worker-1-of-9: error: execve(): xhpl: No such file or directory
slurmstepd-worker-1-of-9: error: execve(): xhpl: No such file or directory
slurmstepd-worker-1-of-9: error: execve(): xhpl: No such file or directory
slurmstepd-worker-1-of-9: error: execve(): xhpl: No such file or directory
slurmstepd-worker-1-of-9: error: execve(): xhpl: No such file or directory
slurmstepd-worker-1-of-9: error: execve(): xhpl: No such file or directory
slurmstepd-worker-1-of-9: error: execve(): xhpl: No such file or directory
slurmstepd-worker-1-of-9: error: execve(): xhpl: No such file or directory
slurmstepd-worker-1-of-9: error: execve(): xhpl: No such file or directory
slurmstepd-worker-1-of-9: error: execve(): xhpl: No such file or directory
slurmstepd-worker-1-of-9: error: execve(): xhpl: No such file or directory
slurmstepd-worker-1-of-9: error: execve(): xhpl: No such file or directory
slurmstepd-worker-1-of-9: error: execve(): xhpl: No such file or directory
slurmstepd-worker-1-of-9: error: execve(): xhpl: No such file or directory
slurmstepd-worker-1-of-9: error: execve(): xhpl: No such file or directory
slurmstepd-worker-1-of-9: error: execve(): xhpl: No such file or directory
slurmstepd-worker-1-of-9: error: execve(): xhpl: No such file or directory
slurmstepd-worker-1-of-9: error: execve(): xhpl: No such file or directory
slurmstepd-worker-1-of-9: error: execve(): xhpl: No such file or directory
slurmstepd-worker-1-of-9: error: execve(): xhpl: No such file or directory
slurmstepd-worker-1-of-9: error: execve(): xhpl: No such file or directory
slurmstepd-worker-1-of-9: error: execve(): xhpl: No such file or directory
slurmstepd-worker-2-of-9: error: execve(): xhpl: No such file or directory
slurmstepd-worker-2-of-9: error: execve(): xhpl: No such file or directory
slurmstepd-worker-2-of-9: error: execve(): xhpl: No such file or directory
slurmstepd-worker-2-of-9: error: execve(): xhpl: No such file or directory
slurmstepd-worker-2-of-9: error: execve(): xhpl: No such file or directory
slurmstepd-worker-2-of-9: error: execve(): xhpl: No such file or directory
slurmstepd-worker-2-of-9: error: execve(): xhpl: No such file or directory
slurmstepd-worker-2-of-9: error: execve(): xhpl: No such file or directory
slurmstepd-worker-2-of-9: error: execve(): xhpl: No such file or directory
slurmstepd-worker-2-of-9: error: execve(): xhpl: No such file or directory
slurmstepd-worker-2-of-9: error: execve(): xhpl: No such file or directory
slurmstepd-worker-2-of-9: error: execve(): xhpl: No such file or directory
slurmstepd-worker-2-of-9: error: execve(): xhpl: No such file or directory
slurmstepd-worker-2-of-9: error: execve(): xhpl: No such file or directory
slurmstepd-worker-2-of-9: error: execve(): xhpl: No such file or directory
slurmstepd-worker-2-of-9: error: execve(): xhpl: No such file or directory
slurmstepd-worker-2-of-9: error: execve(): xhpl: No such file or directory
slurmstepd-worker-2-of-9: error: execve(): xhpl: No such file or directory
slurmstepd-worker-2-of-9: error: execve(): xhpl: No such file or directory
slurmstepd-worker-2-of-9: error: execve(): xhpl: No such file or directory
slurmstepd-worker-2-of-9: error: execve(): xhpl: No such file or directory
slurmstepd-worker-2-of-9: error: execve(): xhpl: No such file or directory
slurmstepd-worker-2-of-9: error: execve(): xhpl: No such file or directory
slurmstepd-worker-2-of-9: error: execve(): xhpl: No such file or directory
slurmstepd-worker-2-of-9: error: execve(): xhpl: No such file or directory
slurmstepd-worker-2-of-9: error: execve(): xhpl: No such file or directory
slurmstepd-worker-2-of-9: error: execve(): xhpl: No such file or directory
slurmstepd-worker-2-of-9: error: execve(): xhpl: No such file or directory
slurmstepd-worker-2-of-9: error: execve(): xhpl: No such file or directory
slurmstepd-worker-2-of-9: error: execve(): xhpl: No such file or directory
slurmstepd-worker-2-of-9: error: execve(): xhpl: No such file or directory
slurmstepd-worker-2-of-9: error: execve(): xhpl: No such file or directory
slurmstepd-worker-2-of-9: error: execve(): xhpl: No such file or directory
slurmstepd-worker-2-of-9: error: execve(): xhpl: No such file or directory
slurmstepd-worker-2-of-9: error: execve(): xhpl: No such file or directory
slurmstepd-worker-2-of-9: error: execve(): xhpl: No such file or directory
slurmstepd-worker-2-of-9: error: execve(): xhpl: No such file or directory
slurmstepd-worker-2-of-9: error: execve(): xhpl: No such file or directory
slurmstepd-worker-2-of-9: error: execve(): xhpl: No such file or directory
slurmstepd-worker-2-of-9: error: execve(): xhpl: No such file or directory
slurmstepd-worker-2-of-9: error: execve(): xhpl: No such file or directory
slurmstepd-worker-2-of-9: error: execve(): xhpl: No such file or directory
slurmstepd-worker-2-of-9: error: execve(): xhpl: No such file or directory
slurmstepd-worker-2-of-9: error: execve(): xhpl: No such file or directory
slurmstepd-worker-2-of-9: error: execve(): xhpl: No such file or directory
slurmstepd-worker-2-of-9: error: execve(): xhpl: No such file or directory
slurmstepd-worker-2-of-9: error: execve(): xhpl: No such file or directory
slurmstepd-worker-2-of-9: error: execve(): xhpl: No such file or directory
slurmstepd-worker-2-of-9: error: execve(): xhpl: No such file or directory
slurmstepd-worker-2-of-9: error: execve(): xhpl: No such file or directory
slurmstepd-worker-2-of-9: error: execve(): xhpl: No such file or directory
slurmstepd-worker-2-of-9: error: execve(): xhpl: No such file or directory
slurmstepd-worker-2-of-9: error: execve(): xhpl: No such file or directory
slurmstepd-worker-2-of-9: error: execve(): xhpl: No such file or directory
slurmstepd-worker-2-of-9: error: execve(): xhpl: No such file or directory
slurmstepd-worker-2-of-9: error: execve(): xhpl: No such file or directory
slurmstepd-worker-2-of-9: error: execve(): xhpl: No such file or directory
slurmstepd-worker-2-of-9: error: execve(): xhpl: No such file or directory
slurmstepd-worker-2-of-9: error: execve(): xhpl: No such file or directory
slurmstepd-worker-2-of-9: error: execve(): xhpl: No such file or directory
slurmstepd-worker-2-of-9: error: execve(): xhpl: No such file or directory
slurmstepd-worker-2-of-9: error: execve(): xhpl: No such file or directory
slurmstepd-worker-2-of-9: error: execve(): xhpl: No such file or directory
slurmstepd-worker-6-of-9: error: execve(): xhpl: No such file or directory
slurmstepd-worker-6-of-9: error: execve(): xhpl: No such file or directory
slurmstepd-worker-6-of-9: error: execve(): xhpl: No such file or directory
slurmstepd-worker-6-of-9: error: execve(): xhpl: No such file or directory
slurmstepd-worker-6-of-9: error: execve(): xhpl: No such file or directory
slurmstepd-worker-6-of-9: error: execve(): xhpl: No such file or directory
slurmstepd-worker-6-of-9: error: execve(): xhpl: No such file or directory
slurmstepd-worker-6-of-9: error: execve(): xhpl: No such file or directory
slurmstepd-worker-6-of-9: error: execve(): xhpl: No such file or directory
slurmstepd-worker-6-of-9: error: execve(): xhpl: No such file or directory
slurmstepd-worker-6-of-9: error: execve(): xhpl: No such file or directory
slurmstepd-worker-6-of-9: error: execve(): xhpl: No such file or directory
slurmstepd-worker-6-of-9: error: execve(): xhpl: No such file or directory
slurmstepd-worker-6-of-9: error: execve(): xhpl: No such file or directory
slurmstepd-worker-6-of-9: error: execve(): xhpl: No such file or directory
slurmstepd-worker-6-of-9: error: execve(): xhpl: No such file or directory
slurmstepd-worker-6-of-9: error: execve(): xhpl: No such file or directory
slurmstepd-worker-6-of-9: error: execve(): xhpl: No such file or directory
slurmstepd-worker-6-of-9: error: execve(): xhpl: No such file or directory
slurmstepd-worker-6-of-9: error: execve(): xhpl: No such file or directory
slurmstepd-worker-6-of-9: error: execve(): xhpl: No such file or directory
slurmstepd-worker-6-of-9: error: execve(): xhpl: No such file or directory
slurmstepd-worker-6-of-9: error: execve(): xhpl: No such file or directory
slurmstepd-worker-6-of-9: error: execve(): xhpl: No such file or directory
slurmstepd-worker-6-of-9: error: execve(): xhpl: No such file or directory
slurmstepd-worker-6-of-9: error: execve(): xhpl: No such file or directory
slurmstepd-worker-6-of-9: error: execve(): xhpl: No such file or directory
slurmstepd-worker-6-of-9: error: execve(): xhpl: No such file or directory
slurmstepd-worker-6-of-9: error: execve(): xhpl: No such file or directory
slurmstepd-worker-6-of-9: error: execve(): xhpl: No such file or directory
slurmstepd-worker-6-of-9: error: execve(): xhpl: No such file or directory
slurmstepd-worker-6-of-9: error: execve(): xhpl: No such file or directory
slurmstepd-worker-6-of-9: error: execve(): xhpl: No such file or directory
slurmstepd-worker-6-of-9: error: execve(): xhpl: No such file or directory
slurmstepd-worker-6-of-9: error: execve(): xhpl: No such file or directory
slurmstepd-worker-6-of-9: error: execve(): xhpl: No such file or directory
slurmstepd-worker-6-of-9: error: execve(): xhpl: No such file or directory
slurmstepd-worker-6-of-9: error: execve(): xhpl: No such file or directory
slurmstepd-worker-6-of-9: error: execve(): xhpl: No such file or directory
slurmstepd-worker-6-of-9: error: execve(): xhpl: No such file or directory
slurmstepd-worker-6-of-9: error: execve(): xhpl: No such file or directory
slurmstepd-worker-6-of-9: error: execve(): xhpl: No such file or directory
slurmstepd-worker-6-of-9: error: execve(): xhpl: No such file or directory
slurmstepd-worker-6-of-9: error: execve(): xhpl: No such file or directory
slurmstepd-worker-6-of-9: error: execve(): xhpl: No such file or directory
slurmstepd-worker-6-of-9: error: execve(): xhpl: No such file or directory
slurmstepd-worker-6-of-9: error: execve(): xhpl: No such file or directory
slurmstepd-worker-6-of-9: error: execve(): xhpl: No such file or directory
slurmstepd-worker-6-of-9: error: execve(): xhpl: No such file or directory
slurmstepd-worker-6-of-9: error: execve(): xhpl: No such file or directory
slurmstepd-worker-6-of-9: error: execve(): xhpl: No such file or directory
slurmstepd-worker-6-of-9: error: execve(): xhpl: No such file or directory
slurmstepd-worker-6-of-9: error: execve(): xhpl: No such file or directory
slurmstepd-worker-6-of-9: error: execve(): xhpl: No such file or directory
slurmstepd-worker-6-of-9: error: execve(): xhpl: No such file or directory
slurmstepd-worker-6-of-9: error: execve(): xhpl: No such file or directory
slurmstepd-worker-6-of-9: error: execve(): xhpl: No such file or directory
slurmstepd-worker-6-of-9: error: execve(): xhpl: No such file or directory
slurmstepd-worker-6-of-9: error: execve(): xhpl: No such file or directory
slurmstepd-worker-6-of-9: error: execve(): xhpl: No such file or directory
slurmstepd-worker-6-of-9: error: execve(): xhpl: No such file or directory
slurmstepd-worker-6-of-9: error: execve(): xhpl: No such file or directory
slurmstepd-worker-6-of-9: error: execve(): xhpl: No such file or directory
srun: error: worker-3-of-9: tasks 128-191: Exited with exit code 2
srun: error: worker-4-of-9: tasks 192-255: Exited with exit code 2
srun: error: worker-9-of-9: tasks 512-575: Exited with exit code 2
srun: error: worker-7-of-9: tasks 384-447: Exited with exit code 2
srun: error: worker-8-of-9: tasks 448-511: Exited with exit code 2
srun: error: worker-5-of-9: tasks 256-319: Exited with exit code 2
srun: error: worker-1-of-9: tasks 0-63: Exited with exit code 2
srun: error: worker-2-of-9: tasks 64-127: Exited with exit code 2
srun: error: worker-6-of-9: tasks 320-383: Exited with exit code 2
