[worker-6-of-9][[7694,0],320][btl_tcp_endpoint.c:667:mca_btl_tcp_endpoint_recv_connect_ack] received unexpected process identifier: got [[7694,0],326] expected [[7694,0],256]
[worker-9-of-9][[7694,0],512][btl_tcp_endpoint.c:667:mca_btl_tcp_endpoint_recv_connect_ack] received unexpected process identifier: got [[7694,0],527] expected [[7694,0],0]
[worker-2-of-9][[7694,0],64][btl_tcp_endpoint.c:667:mca_btl_tcp_endpoint_recv_connect_ack] received unexpected process identifier: got [[7694,0],119] expected [[7694,0],0]
slurmstepd-worker-1-of-9: error: *** STEP 51.1 ON worker-1-of-9 CANCELLED AT 2025-11-04T00:41:58 ***
srun: Job step aborted: Waiting up to 32 seconds for job step to finish.
[worker-8-of-9][[7694,0],448][btl_tcp_endpoint.c:667:mca_btl_tcp_endpoint_recv_connect_ack] received unexpected process identifier: got [[7694,0],495] expected [[7694,0],384]
[worker-4-of-9][[7694,0],192][btl_tcp_endpoint.c:667:mca_btl_tcp_endpoint_recv_connect_ack] received unexpected process identifier: got [[7694,0],254] expected [[7694,0],128]
srun: error: worker-6-of-9: tasks 320,326: Exited with exit code 14
srun: error: worker-6-of-9: tasks 321-325,327-383: Killed
srun: error: worker-8-of-9: tasks 448,495: Exited with exit code 14
srun: error: worker-9-of-9: tasks 512,527: Exited with exit code 14
srun: error: worker-8-of-9: tasks 449-494,496-511: Killed
srun: error: worker-9-of-9: tasks 513-526,528-575: Killed
srun: error: worker-2-of-9: tasks 64,119: Exited with exit code 14
srun: error: worker-2-of-9: tasks 65-118,120-127: Killed
srun: error: worker-4-of-9: tasks 192,254: Exited with exit code 14
srun: error: worker-4-of-9: tasks 193-253,255: Killed
srun: error: worker-3-of-9: tasks 128-191: Killed
srun: error: worker-7-of-9: tasks 384-447: Killed
srun: error: worker-1-of-9: tasks 0-63: Killed
srun: error: worker-5-of-9: tasks 256-319: Killed
