HPL ERROR from process # 0, on line 419 of function HPL_pdinfo:
>>> Need at least 9 processes for these tests <<<

HPL ERROR from process # 0, on line 621 of function HPL_pdinfo:
>>> Illegal input in file HPL.dat. Exiting ... <<<

HPL ERROR from process # 0, on line 419 of function HPL_pdinfo:
>>> Need at least 9 processes for these tests <<<

HPL ERROR from process # 0, on line 621 of function HPL_pdinfo:
>>> Illegal input in file HPL.dat. Exiting ... <<<

No PMIx server was reachable, but a PMI1/2 was detected.
If srun is being used to launch application,  9 singletons will be started.
HPL ERROR from process # 0, on line 419 of function HPL_pdinfo:
>>> Need at least 9 processes for these tests <<<

HPL ERROR from process # 0, on line 621 of function HPL_pdinfo:
>>> Illegal input in file HPL.dat. Exiting ... <<<

HPL ERROR from process # 0, on line 419 of function HPL_pdinfo:
>>> Need at least 9 processes for these tests <<<

HPL ERROR from process # 0, on line 621 of function HPL_pdinfo:
>>> Illegal input in file HPL.dat. Exiting ... <<<

HPL ERROR from process # 0, on line 419 of function HPL_pdinfo:
>>> Need at least 9 processes for these tests <<<

HPL ERROR from process # 0, on line 621 of function HPL_pdinfo:
>>> Illegal input in file HPL.dat. Exiting ... <<<

HPL ERROR from process # 0, on line 419 of function HPL_pdinfo:
>>> Need at least 9 processes for these tests <<<

HPL ERROR from process # 0, on line 621 of function HPL_pdinfo:
>>> Illegal input in file HPL.dat. Exiting ... <<<

HPL ERROR from process # 0, on line 419 of function HPL_pdinfo:
>>> Need at least 9 processes for these tests <<<

HPL ERROR from process # 0, on line 621 of function HPL_pdinfo:
>>> Illegal input in file HPL.dat. Exiting ... <<<

HPL ERROR from process # 0, on line 419 of function HPL_pdinfo:
>>> Need at least 9 processes for these tests <<<

HPL ERROR from process # 0, on line 621 of function HPL_pdinfo:
>>> Illegal input in file HPL.dat. Exiting ... <<<

srun: error: worker-3-of-9: task 2: Exited with exit code 1
srun: error: worker-4-of-9: task 3: Exited with exit code 1
srun: error: worker-8-of-9: task 7: Exited with exit code 1
srun: error: worker-9-of-9: task 8: Exited with exit code 1
srun: error: worker-6-of-9: task 5: Exited with exit code 1
srun: error: worker-1-of-9: task 0: Exited with exit code 1
srun: error: worker-5-of-9: task 4: Exited with exit code 1
srun: error: worker-2-of-9: task 1: Exited with exit code 1
HPL ERROR from process # 0, on line 419 of function HPL_pdinfo:
>>> Need at least 9 processes for these tests <<<

HPL ERROR from process # 0, on line 621 of function HPL_pdinfo:
>>> Illegal input in file HPL.dat. Exiting ... <<<

srun: error: worker-7-of-9: task 6: Exited with exit code 1
