srun: error: NodeNames=worker-[1-9]-of-9 MemSpecLimit=0 is invalid, reset to 0
srun: error: NodeNames=worker-[1-9]-of-9 MemSpecLimit=0 is invalid, reset to 0
[worker-8-of-9][[14248,0],448][btl_tcp_endpoint.c:667:mca_btl_tcp_endpoint_recv_connect_ack] received unexpected process identifier: got [[14248,0],508] expected [[14248,0],384]
[worker-4-of-9][[14248,0],192][btl_tcp_endpoint.c:667:mca_btl_tcp_endpoint_recv_connect_ack] received unexpected process identifier: got [[14248,0],243] expected [[14248,0],128]
[worker-6-of-9][[14248,0],320][btl_tcp_endpoint.c:667:mca_btl_tcp_endpoint_recv_connect_ack] received unexpected process identifier: got [[14248,0],327] expected [[14248,0],256]
[worker-9-of-9][[14248,0],512][btl_tcp_endpoint.c:667:mca_btl_tcp_endpoint_recv_connect_ack] received unexpected process identifier: got [[14248,0],552] expected [[14248,0],0]
[worker-2-of-9][[14248,0],64][btl_tcp_endpoint.c:667:mca_btl_tcp_endpoint_recv_connect_ack] received unexpected process identifier: got [[14248,0],101] expected [[14248,0],0]
slurmstepd-worker-1-of-9: error: *** STEP 49.1 ON worker-1-of-9 CANCELLED AT 2025-11-04T00:39:05 ***
srun: Job step aborted: Waiting up to 32 seconds for job step to finish.
srun: error: worker-4-of-9: tasks 192,243: Exited with exit code 14
srun: error: worker-4-of-9: tasks 193-242,244-255: Killed
srun: error: worker-8-of-9: tasks 448,508: Exited with exit code 14
srun: error: worker-6-of-9: tasks 320,327: Exited with exit code 14
srun: error: worker-8-of-9: tasks 449-507,509-511: Killed
srun: error: worker-6-of-9: tasks 321-326,328-383: Killed
srun: error: worker-9-of-9: tasks 512,552: Exited with exit code 14
srun: error: worker-9-of-9: tasks 513-551,553-575: Killed
srun: error: worker-2-of-9: tasks 64,101: Exited with exit code 14
srun: error: worker-2-of-9: tasks 65-100,102-127: Killed
srun: error: worker-3-of-9: tasks 128-191: Killed
srun: error: worker-5-of-9: tasks 256-319: Killed
srun: error: worker-7-of-9: tasks 384-447: Killed
srun: error: worker-1-of-9: tasks 0-63: Killed
