srun: error: NodeNames=worker-[1-9]-of-9 MemSpecLimit=0 is invalid, reset to 0
[worker-9-of-9][[28319,0],512][btl_tcp_endpoint.c:667:mca_btl_tcp_endpoint_recv_connect_ack] received unexpected process identifier: got [[28319,0],518] expected [[28319,0],0]
[worker-8-of-9][[28319,0],448][btl_tcp_endpoint.c:667:mca_btl_tcp_endpoint_recv_connect_ack] received unexpected process identifier: got [[28319,0],472] expected [[28319,0],384]
[worker-6-of-9][[28319,0],320][btl_tcp_endpoint.c:667:mca_btl_tcp_endpoint_recv_connect_ack] received unexpected process identifier: got [[28319,0],348] expected [[28319,0],256]
[worker-4-of-9][[28319,0],192][btl_tcp_endpoint.c:667:mca_btl_tcp_endpoint_recv_connect_ack] received unexpected process identifier: got [[28319,0],254] expected [[28319,0],128]
[worker-2-of-9][[28319,0],64][btl_tcp_endpoint.c:667:mca_btl_tcp_endpoint_recv_connect_ack] received unexpected process identifier: got [[28319,0],117] expected [[28319,0],0]
srun: Job step aborted: Waiting up to 32 seconds for job step to finish.
slurmstepd-worker-1-of-9: error: *** STEP 46.0 ON worker-1-of-9 CANCELLED AT 2025-11-04T00:37:02 ***
srun: error: worker-8-of-9: tasks 448,472: Exited with exit code 14
srun: error: worker-8-of-9: tasks 449-471,473-511: Killed
srun: error: worker-9-of-9: tasks 512,518: Exited with exit code 14
srun: error: worker-9-of-9: tasks 513-517,519-575: Killed
srun: error: worker-6-of-9: tasks 320,348: Exited with exit code 14
srun: error: worker-4-of-9: tasks 192,254: Exited with exit code 14
srun: error: worker-6-of-9: tasks 321-347,349-383: Killed
srun: error: worker-4-of-9: tasks 193-253,255: Killed
srun: error: worker-2-of-9: tasks 64,117: Exited with exit code 14
srun: error: worker-2-of-9: tasks 65-116,118-127: Killed
srun: error: worker-3-of-9: tasks 128-191: Killed
srun: error: worker-5-of-9: tasks 256-319: Killed
srun: error: worker-7-of-9: tasks 384-447: Killed
srun: error: worker-1-of-9: tasks 0-63: Killed
