[worker-9-of-9][[42326,0],512][btl_tcp_endpoint.c:667:mca_btl_tcp_endpoint_recv_connect_ack] received unexpected process identifier: got [[42326,0],563] expected [[42326,0],0]
[worker-6-of-9][[42326,0],320][btl_tcp_endpoint.c:667:mca_btl_tcp_endpoint_recv_connect_ack] received unexpected process identifier: got [[42326,0],347] expected [[42326,0],256]
[worker-4-of-9][[42326,0],192][btl_tcp_endpoint.c:667:mca_btl_tcp_endpoint_recv_connect_ack] received unexpected process identifier: got [[42326,0],236] expected [[42326,0],128]
[worker-8-of-9][[42326,0],448][btl_tcp_endpoint.c:667:mca_btl_tcp_endpoint_recv_connect_ack] received unexpected process identifier: got [[42326,0],449] expected [[42326,0],384]
[worker-2-of-9][[42326,0],64][btl_tcp_endpoint.c:667:mca_btl_tcp_endpoint_recv_connect_ack] received unexpected process identifier: got [[42326,0],100] expected [[42326,0],0]
slurmstepd-worker-1-of-9: error: *** STEP 77.0 ON worker-1-of-9 CANCELLED AT 2025-11-04T01:47:35 ***
srun: Job step aborted: Waiting up to 32 seconds for job step to finish.
srun: error: worker-4-of-9: tasks 192,236: Exited with exit code 14
srun: error: worker-4-of-9: tasks 193-235,237-255: Killed
srun: error: worker-8-of-9: tasks 448-449: Exited with exit code 14
srun: error: worker-8-of-9: tasks 450-511: Killed
srun: error: worker-9-of-9: tasks 512,563: Exited with exit code 14
srun: error: worker-9-of-9: tasks 513-562,564-575: Killed
srun: error: worker-6-of-9: tasks 320,347: Exited with exit code 14
srun: error: worker-6-of-9: tasks 321-346,348-383: Killed
srun: error: worker-2-of-9: tasks 64,100: Exited with exit code 14
srun: error: worker-2-of-9: tasks 65-99,101-127: Killed
srun: error: worker-3-of-9: tasks 128-191: Killed
srun: error: worker-7-of-9: tasks 384-447: Killed
srun: error: worker-5-of-9: tasks 256-319: Killed
srun: error: worker-1-of-9: tasks 0-63: Killed
